
The following files have been resolved:
   org.slf4j:slf4j-simple:jar:1.7.28:compile
   org.eclipse.jetty:jetty-webapp:jar:9.4.25.v20191220:compile
   com.fasterxml.jackson.core:jackson-annotations:jar:2.12.3:compile
   org.apache.httpcomponents:httpcore-nio:jar:4.4.11:compile
   com.konghq:unirest-java:jar:3.4.00:compile
   org.eclipse.jetty.websocket:websocket-server:jar:9.4.25.v20191220:compile
   org.eclipse.jetty:jetty-util:jar:9.4.25.v20191220:compile
   org.eclipse.jetty.websocket:websocket-client:jar:9.4.25.v20191220:compile
   org.apache.httpcomponents:httpmime:jar:4.5.9:compile
   javax.activation:activation:jar:1.1:compile
   org.eclipse.jetty.websocket:websocket-servlet:jar:9.4.25.v20191220:compile
   org.eclipse.jetty:jetty-io:jar:9.4.25.v20191220:compile
   org.eclipse.jetty:jetty-xml:jar:9.4.25.v20191220:compile
   org.jetbrains.kotlin:kotlin-stdlib:jar:1.3.61:compile
   org.apache.httpcomponents:httpasyncclient:jar:4.1.4:compile
   org.eclipse.jetty:jetty-servlet:jar:9.4.25.v20191220:compile
   org.eclipse.jetty.websocket:websocket-common:jar:9.4.25.v20191220:compile
   com.sun.mail:javax.mail:jar:1.6.2:compile
   org.jetbrains.kotlin:kotlin-stdlib-jdk7:jar:1.3.61:compile
   org.apache.httpcomponents:httpclient:jar:4.5.9:compile
   com.fasterxml.jackson.core:jackson-core:jar:2.12.3:compile
   org.apache.httpcomponents:httpcore:jar:4.4.11:compile
   org.slf4j:slf4j-api:jar:1.7.28:compile
   javax.servlet:javax.servlet-api:jar:3.1.0:compile
   com.google.code.gson:gson:jar:2.8.5:compile
   org.eclipse.jetty:jetty-server:jar:9.4.25.v20191220:compile
   org.jetbrains.kotlin:kotlin-stdlib-common:jar:1.3.61:compile
   org.eclipse.jetty:jetty-client:jar:9.4.25.v20191220:compile
   commons-logging:commons-logging:jar:1.2:compile
   org.eclipse.jetty:jetty-security:jar:9.4.25.v20191220:compile
   commons-codec:commons-codec:jar:1.11:compile
   io.javalin:javalin:jar:3.7.0:compile
   org.eclipse.jetty.websocket:websocket-api:jar:9.4.25.v20191220:compile
   com.fasterxml.jackson.core:jackson-databind:jar:2.12.3:compile
   org.eclipse.jetty:jetty-http:jar:9.4.25.v20191220:compile
   org.jetbrains.kotlin:kotlin-stdlib-jdk8:jar:1.3.61:compile
   org.jetbrains:annotations:jar:13.0:compile

